TN:
SF:/Users/Bassem/Desktop/Workspace/Appenza/testing/testingApp/src/polyfills.ts
FNF:0
FNH:0
DA:46,1
DA:74,1
LF:2
LH:2
BRF:0
BRH:0
end_of_record
TN:
SF:/Users/Bassem/Desktop/Workspace/Appenza/testing/testingApp/src/test.ts
FNF:0
FNH:0
DA:3,1
DA:4,1
DA:5,1
DA:13,1
DA:18,1
DA:20,1
LF:6
LH:6
BRF:0
BRH:0
end_of_record
TN:
SF:/Users/Bassem/Desktop/Workspace/Appenza/testing/testingApp/src/app/app.component.ts
FN:8,(anonymous_1)
FN:3,AppComponent
FNF:2
FNH:2
FNDA:1,(anonymous_1)
FNDA:3,AppComponent
DA:1,1
DA:8,1
DA:9,3
DA:10,1
LF:4
LH:4
BRF:0
BRH:0
end_of_record
TN:
SF:/Users/Bassem/Desktop/Workspace/Appenza/testing/testingApp/src/app/01-fundamentals/compute.ts
FN:1,compute
FN:7,compBoolean
FNF:2
FNH:2
FNDA:2,compute
FNDA:2,compBoolean
DA:1,1
DA:2,2
DA:4,1
DA:7,1
DA:8,2
DA:10,1
LF:6
LH:6
BRDA:2,0,0,1
BRDA:2,0,1,1
BRDA:8,1,0,1
BRDA:8,1,1,1
BRF:4
BRH:4
end_of_record
TN:
SF:/Users/Bassem/Desktop/Workspace/Appenza/testing/testingApp/src/app/02-arrays-and-strings/greet.ts
FN:2,greet
FNF:1
FNH:1
FNDA:1,greet
DA:2,1
DA:3,1
LF:2
LH:2
BRF:0
BRH:0
end_of_record
TN:
SF:/Users/Bassem/Desktop/Workspace/Appenza/testing/testingApp/src/app/03-setup-and-teardown/vote.component.ts
FN:2,(anonymous_0)
FN:5,(anonymous_2)
FN:9,(anonymous_3)
FNF:3
FNH:3
FNDA:3,(anonymous_0)
FNDA:1,(anonymous_2)
FNDA:1,(anonymous_3)
DA:2,1
DA:3,2
DA:5,1
DA:6,1
DA:9,1
DA:10,1
DA:12,1
LF:7
LH:7
BRF:0
BRH:0
end_of_record
TN:
SF:/Users/Bassem/Desktop/Workspace/Appenza/testing/testingApp/src/app/04-forms/todo-form.component.ts
FN:4,(anonymous_0)
FN:7,TodoFormComponent
FNF:2
FNH:2
FNDA:1,(anonymous_0)
FNDA:2,TodoFormComponent
DA:2,1
DA:4,1
DA:8,2
DA:13,1
LF:4
LH:4
BRF:0
BRH:0
end_of_record
TN:
SF:/Users/Bassem/Desktop/Workspace/Appenza/testing/testingApp/src/app/05-event-emitters/vote.component.ts
FN:4,(anonymous_0)
FN:8,(anonymous_2)
FNF:2
FNH:2
FNDA:2,(anonymous_0)
FNDA:1,(anonymous_2)
DA:2,1
DA:4,1
DA:5,1
DA:6,1
DA:8,1
DA:9,1
DA:10,1
DA:12,1
LF:8
LH:8
BRF:0
BRH:0
end_of_record
TN:
SF:/Users/Bassem/Desktop/Workspace/Appenza/testing/testingApp/src/app/06-services/todo.service.ts
FN:4,(anonymous_0)
FN:5,TodoService
FN:7,(anonymous_2)
FN:8,(anonymous_3)
FN:11,(anonymous_4)
FN:12,(anonymous_5)
FN:15,(anonymous_6)
FN:16,(anonymous_7)
FNF:8
FNH:2
FNDA:1,(anonymous_0)
FNDA:6,TodoService
FNDA:0,(anonymous_2)
FNDA:0,(anonymous_3)
FNDA:0,(anonymous_4)
FNDA:0,(anonymous_5)
FNDA:0,(anonymous_6)
FNDA:0,(anonymous_7)
DA:2,1
DA:4,1
DA:5,6
DA:7,1
DA:8,0
DA:11,1
DA:12,0
DA:15,1
DA:16,0
DA:18,1
LF:10
LH:7
BRF:0
BRH:0
end_of_record
TN:
SF:/Users/Bassem/Desktop/Workspace/Appenza/testing/testingApp/src/app/06-services/todos.component.ts
FN:3,(anonymous_0)
FN:7,TodosComponent
FN:9,(anonymous_2)
FN:10,(anonymous_3)
FN:13,(anonymous_4)
FN:17,(anonymous_5)
FN:17,(anonymous_6)
FN:20,(anonymous_7)
FNF:8
FNH:8
FNDA:1,(anonymous_0)
FNDA:6,TodosComponent
FNDA:1,(anonymous_2)
FNDA:1,(anonymous_3)
FNDA:3,(anonymous_4)
FNDA:1,(anonymous_5)
FNDA:1,(anonymous_6)
FNDA:2,(anonymous_7)
DA:3,1
DA:4,6
DA:7,6
DA:9,1
DA:10,1
DA:13,3
DA:14,3
DA:15,3
DA:17,1
DA:20,1
DA:21,2
DA:23,1
LF:12
LH:12
BRDA:21,0,0,1
BRDA:21,0,1,1
BRF:2
BRH:2
end_of_record
